read data in 5m 14s
maxsrccount106maxdstcount129
get locality in 5m 31s
----------------------------------------------------------------
        Layer (type)               Output Shape         Param #
================================================================
            Linear-1                  [-1, 768]         232,704
              ReLU-2                  [-1, 768]               0
            Linear-3                  [-1, 512]         393,728
              ReLU-4                  [-1, 512]               0
            Linear-5                  [-1, 256]         131,328
              ReLU-6                  [-1, 256]               0
            Linear-7                  [-1, 128]          32,896
              ReLU-8                  [-1, 128]               0
            Linear-9                   [-1, 64]           8,256
           Linear-10                   [-1, 64]           8,256
================================================================
Total params: 807,168
Trainable params: 807,168
Non-trainable params: 0
----------------------------------------------------------------
Input size (MB): 0.06
Forward/backward pass size (MB): 0.03
Params size (MB): 3.08
Estimated Total Size (MB): 3.16
----------------------------------------------------------------
encoder: None
----------------------------------------------------------------
        Layer (type)               Output Shape         Param #
================================================================
            Linear-1                  [-1, 128]          38,656
              ReLU-2                  [-1, 128]               0
            Linear-3                  [-1, 256]          33,024
              ReLU-4                  [-1, 256]               0
            Linear-5                  [-1, 512]         131,584
              ReLU-6                  [-1, 512]               0
            Linear-7                  [-1, 768]         393,984
              ReLU-8                  [-1, 768]               0
            Linear-9                   [-1, 65]          49,985
================================================================
Total params: 647,233
Trainable params: 647,233
Non-trainable params: 0
----------------------------------------------------------------
Input size (MB): 0.06
Forward/backward pass size (MB): 0.03
Params size (MB): 2.47
Estimated Total Size (MB): 2.55
----------------------------------------------------------------
decoder: None
start in: 2023/12/03 07:03:46
/root/Encore-CVAE/size_cvae.py:117: DeprecationWarning: Sampling from a set deprecated
since Python 3.9 and will be removed in a subsequent version.
  condition = random.sample(locality_onehots_dict.keys(),min(len(locality_onehots_dict.keys()),500))
epoch=100, avg_loss=3.31e-03, kld=28.97, recon=2.01e-03(max=1.35e-02), time=348.66, avg_good=394.91, kld_weight=0.000003
eval in51.62751650810242 //coverage is 0.7238 on average and is 0.1428 for the worst //per sample error is 0.1163 on average and is 0.3577 for the worst99 and is 0.1828 for the worst50 //per source data error is 0.0505 on average and is 0.3567 for the worst99 and is 0.0574 for the worst50
save model
epoch=200, avg_loss=2.31e-03, kld=22.19, recon=1.72e-03(max=1.17e-02), time=741.66, avg_good=391.00, kld_weight=0.000005
eval in50.434213638305664 //coverage is 0.8696 on average and is 0.2492 for the worst //per sample error is 0.0824 on average and is 0.3452 for the worst99 and is 0.1846 for the worst50 //per source data error is 0.0330 on average and is 0.2779 for the worst99 and is 0.0397 for the worst50
save model
epoch=300, avg_loss=2.16e-03, kld=17.42, recon=1.67e-03(max=1.17e-02), time=1394.99, avg_good=391.00, kld_weight=0.000007
eval in137.65179705619812 //coverage is 0.9082 on average and is 0.2303 for the worst //per sample error is 0.0729 on average and is 0.3723 for the worst99 and is 0.1952 for the worst50 //per source data error is 0.0295 on average and is 0.2233 for the worst99 and is 0.0331 for the worst50
save model
epoch=400, avg_loss=2.05e-03, kld=18.42, recon=1.55e-03(max=9.73e-03), time=2257.91, avg_good=391.00, kld_weight=0.000009
eval in106.19693636894226 //coverage is 0.9055 on average and is 0.1994 for the worst //per sample error is 0.0603 on average and is 0.3422 for the worst99 and is 0.1719 for the worst50 //per source data error is 0.0294 on average and is 0.4651 for the worst99 and is 0.0342 for the worst50
save model
epoch=500, avg_loss=1.98e-03, kld=17.76, recon=1.52e-03(max=4.57e-03), time=2952.56, avg_good=391.00, kld_weight=0.000011
eval in136.7709403038025 //coverage is 0.9263 on average and is 0.3333 for the worst //per sample error is 0.0554 on average and is 0.3658 for the worst99 and is 0.1419 for the worst50 //per source data error is 0.0269 on average and is 0.3027 for the worst99 and is 0.0311 for the worst50
save model
epoch=600, avg_loss=1.96e-03, kld=17.29, recon=1.49e-03(max=5.68e-03), time=3704.31, avg_good=391.00, kld_weight=0.000012
eval in118.37107753753662 //coverage is 0.9241 on average and is 0.5686 for the worst //per sample error is 0.0484 on average and is 0.3434 for the worst99 and is 0.1087 for the worst50 //per source data error is 0.0246 on average and is 0.2389 for the worst99 and is 0.0332 for the worst50
save model
epoch=700, avg_loss=1.96e-03, kld=16.69, recon=1.49e-03(max=3.36e-03), time=4416.55, avg_good=391.00, kld_weight=0.000014
eval in108.09409070014954 //coverage is 0.9318 on average and is 0.4997 for the worst //per sample error is 0.0485 on average and is 0.3348 for the worst99 and is 0.1048 for the worst50 //per source data error is 0.0254 on average and is 0.2511 for the worst99 and is 0.0314 for the worst50
epoch=800, avg_loss=1.97e-03, kld=16.26, recon=1.48e-03(max=7.02e-03), time=5153.11, avg_good=391.00, kld_weight=0.000016
eval in93.67823696136475 //coverage is 0.9345 on average and is 0.5180 for the worst //per sample error is 0.0470 on average and is 0.3125 for the worst99 and is 0.0968 for the worst50 //per source data error is 0.0246 on average and is 0.2496 for the worst99 and is 0.0305 for the worst50
epoch=900, avg_loss=1.98e-03, kld=15.83, recon=1.46e-03(max=5.09e-03), time=5908.40, avg_good=391.00, kld_weight=0.000018
eval in93.90333580970764 //coverage is 0.9358 on average and is 0.5497 for the worst //per sample error is 0.0484 on average and is 0.3492 for the worst99 and is 0.0916 for the worst50 //per source data error is 0.0239 on average and is 0.2592 for the worst99 and is 0.0300 for the worst50
epoch=1000, avg_loss=1.99e-03, kld=15.41, recon=1.45e-03(max=3.22e-03), time=6739.96, avg_good=391.00, kld_weight=0.000020
eval in962.150491476059 //coverage is 0.9898 on average and is 0.7492 for the worst //per sample error is 0.0468 on average and is 0.3513 for the worst99 and is 0.0919 for the worst50 //per source data error is 0.0174 on average and is 0.2110 for the worst99 and is 0.0228 for the worst50
epoch=1100, avg_loss=1.98e-03, kld=15.42, recon=1.43e-03(max=3.34e-03), time=8263.54, avg_good=391.00, kld_weight=0.000020
eval in63.773377418518066 //coverage is 0.9326 on average and is 0.5737 for the worst //per sample error is 0.0471 on average and is 0.3423 for the worst99 and is 0.0851 for the worst50 //per source data error is 0.0236 on average and is 0.2667 for the worst99 and is 0.0310 for the worst50
epoch=1200, avg_loss=1.97e-03, kld=15.50, recon=1.42e-03(max=3.03e-03), time=8764.62, avg_good=391.00, kld_weight=0.000020
eval in91.75686359405518 //coverage is 0.9384 on average and is 0.5694 for the worst //per sample error is 0.0462 on average and is 0.3366 for the worst99 and is 0.0819 for the worst50 //per source data error is 0.0237 on average and is 0.2482 for the worst99 and is 0.0297 for the worst50
epoch=1300, avg_loss=1.95e-03, kld=15.55, recon=1.40e-03(max=4.13e-03), time=9510.19, avg_good=391.00, kld_weight=0.000020
eval in140.86623644828796 //coverage is 0.9316 on average and is 0.5000 for the worst //per sample error is 0.0435 on average and is 0.3337 for the worst99 and is 0.0865 for the worst50 //per source data error is 0.0236 on average and is 0.2525 for the worst99 and is 0.0302 for the worst50
save model
epoch=1400, avg_loss=1.93e-03, kld=15.60, recon=1.40e-03(max=5.63e-03), time=10321.09, avg_good=391.00, kld_weight=0.000020
eval in116.15086793899536 //coverage is 0.9248 on average and is 0.5301 for the worst //per sample error is 0.0431 on average and is 0.3000 for the worst99 and is 0.0834 for the worst50 //per source data error is 0.0241 on average and is 0.2874 for the worst99 and is 0.0322 for the worst50
save model
epoch=1500, avg_loss=1.91e-03, kld=15.73, recon=1.37e-03(max=5.19e-03), time=11137.53, avg_good=391.00, kld_weight=0.000020
eval in131.43248558044434 //coverage is 0.9398 on average and is 0.6211 for the worst //per sample error is 0.0448 on average and is 0.3480 for the worst99 and is 0.0838 for the worst50 //per source data error is 0.0227 on average and is 0.2555 for the worst99 and is 0.0299 for the worst50
save model
epoch=1600, avg_loss=1.90e-03, kld=15.71, recon=1.37e-03(max=4.96e-03), time=11983.24, avg_good=391.00, kld_weight=0.000020
eval in118.70868396759033 //coverage is 0.9332 on average and is 0.5151 for the worst //per sample error is 0.0422 on average and is 0.3210 for the worst99 and is 0.0826 for the worst50 //per source data error is 0.0229 on average and is 0.2522 for the worst99 and is 0.0303 for the worst50
save model
epoch=1700, avg_loss=1.88e-03, kld=15.75, recon=1.35e-03(max=2.76e-03), time=12808.62, avg_good=391.00, kld_weight=0.000020
eval in100.13692140579224 //coverage is 0.9352 on average and is 0.6000 for the worst //per sample error is 0.0450 on average and is 0.3363 for the worst99 and is 0.0824 for the worst50 //per source data error is 0.0245 on average and is 0.2735 for the worst99 and is 0.0305 for the worst50
save model
epoch=1800, avg_loss=1.87e-03, kld=15.93, recon=1.33e-03(max=3.09e-03), time=13626.18, avg_good=391.00, kld_weight=0.000020
eval in108.65056037902832 //coverage is 0.9358 on average and is 0.5624 for the worst //per sample error is 0.0445 on average and is 0.3374 for the worst99 and is 0.0830 for the worst50 //per source data error is 0.0239 on average and is 0.2565 for the worst99 and is 0.0299 for the worst50
save model
epoch=1900, avg_loss=1.86e-03, kld=15.94, recon=1.32e-03(max=6.69e-03), time=14467.40, avg_good=391.00, kld_weight=0.000020
eval in126.58843111991882 //coverage is 0.9414 on average and is 0.6362 for the worst //per sample error is 0.0439 on average and is 0.3218 for the worst99 and is 0.0825 for the worst50 //per source data error is 0.0233 on average and is 0.2569 for the worst99 and is 0.0312 for the worst50
save model
epoch=2000, avg_loss=1.84e-03, kld=16.08, recon=1.30e-03(max=3.09e-03), time=15311.71, avg_good=391.00, kld_weight=0.000020
eval in698.219672203064 //coverage is 0.9940 on average and is 0.9163 for the worst //per sample error is 0.0430 on average and is 0.3230 for the worst99 and is 0.0874 for the worst50 //per source data error is 0.0160 on average and is 0.1466 for the worst99 and is 0.0215 for the worst50
save model
epoch=2100, avg_loss=1.84e-03, kld=15.97, recon=1.31e-03(max=3.68e-03), time=16611.01, avg_good=391.00, kld_weight=0.000020
eval in91.50378441810608 //coverage is 0.9314 on average and is 0.5453 for the worst //per sample error is 0.0423 on average and is 0.3006 for the worst99 and is 0.0834 for the worst50 //per source data error is 0.0234 on average and is 0.2996 for the worst99 and is 0.0301 for the worst50
save model
epoch=2200, avg_loss=1.82e-03, kld=16.13, recon=1.29e-03(max=3.56e-03), time=17172.88, avg_good=391.00, kld_weight=0.000020
eval in103.43400621414185 //coverage is 0.9218 on average and is 0.5713 for the worst //per sample error is 0.0422 on average and is 0.3057 for the worst99 and is 0.0802 for the worst50 //per source data error is 0.0234 on average and is 0.2709 for the worst99 and is 0.0317 for the worst50
save model
epoch=2300, avg_loss=1.81e-03, kld=16.14, recon=1.28e-03(max=4.43e-03), time=17928.61, avg_good=391.00, kld_weight=0.000020
eval in102.80633854866028 //coverage is 0.9307 on average and is 0.5752 for the worst //per sample error is 0.0443 on average and is 0.3792 for the worst99 and is 0.0800 for the worst50 //per source data error is 0.0231 on average and is 0.2504 for the worst99 and is 0.0307 for the worst50
save model
epoch=2400, avg_loss=1.80e-03, kld=16.16, recon=1.27e-03(max=2.48e-03), time=18669.30, avg_good=391.00, kld_weight=0.000020
eval in137.01067280769348 //coverage is 0.9217 on average and is 0.5498 for the worst //per sample error is 0.0445 on average and is 0.4322 for the worst99 and is 0.0818 for the worst50 //per source data error is 0.0237 on average and is 0.2547 for the worst99 and is 0.0319 for the worst50
save model
epoch=2500, avg_loss=1.79e-03, kld=16.29, recon=1.26e-03(max=4.73e-03), time=19510.72, avg_good=391.00, kld_weight=0.000020
eval in121.19155597686768 //coverage is 0.9375 on average and is 0.5416 for the worst //per sample error is 0.0470 on average and is 0.4155 for the worst99 and is 0.0799 for the worst50 //per source data error is 0.0247 on average and is 0.2710 for the worst99 and is 0.0303 for the worst50
save model
epoch=2600, avg_loss=1.78e-03, kld=16.15, recon=1.27e-03(max=3.90e-03), time=20335.24, avg_good=391.00, kld_weight=0.000020
eval in139.22247743606567 //coverage is 0.9320 on average and is 0.5871 for the worst //per sample error is 0.0430 on average and is 0.3384 for the worst99 and is 0.0843 for the worst50 //per source data error is 0.0233 on average and is 0.2622 for the worst99 and is 0.0299 for the worst50
save model
epoch=2700, avg_loss=1.77e-03, kld=16.38, recon=1.24e-03(max=3.09e-03), time=21200.08, avg_good=391.00, kld_weight=0.000020
eval in122.95553159713745 //coverage is 0.9369 on average and is 0.5976 for the worst //per sample error is 0.0459 on average and is 0.3991 for the worst99 and is 0.0810 for the worst50 //per source data error is 0.0243 on average and is 0.2579 for the worst99 and is 0.0304 for the worst50
save model
epoch=2800, avg_loss=1.77e-03, kld=16.41, recon=1.24e-03(max=4.55e-03), time=22058.02, avg_good=391.00, kld_weight=0.000020
eval in109.52412152290344 //coverage is 0.9438 on average and is 0.6250 for the worst //per sample error is 0.0435 on average and is 0.3399 for the worst99 and is 0.0825 for the worst50 //per source data error is 0.0224 on average and is 0.2499 for the worst99 and is 0.0291 for the worst50
save model
epoch=2900, avg_loss=1.76e-03, kld=16.35, recon=1.24e-03(max=1.01e-02), time=22864.91, avg_good=391.00, kld_weight=0.000020
eval in98.4284896850586 //coverage is 0.9354 on average and is 0.6049 for the worst //per sample error is 0.0433 on average and is 0.3329 for the worst99 and is 0.0832 for the worst50 //per source data error is 0.0232 on average and is 0.2491 for the worst99 and is 0.0302 for the worst50
save model
epoch=3000, avg_loss=1.75e-03, kld=16.52, recon=1.22e-03(max=6.16e-03), time=23593.31, avg_good=391.00, kld_weight=0.000020
eval in1054.6681897640228 //coverage is 0.9937 on average and is 0.9117 for the worst //per sample error is 0.0424 on average and is 0.3124 for the worst99 and is 0.0847 for the worst50 //per source data error is 0.0162 on average and is 0.1395 for the worst99 and is 0.0224 for the worst50
save model
epoch=3100, avg_loss=1.74e-03, kld=16.48, recon=1.23e-03(max=3.62e-03), time=25242.79, avg_good=391.00, kld_weight=0.000020
eval in63.55383086204529 //coverage is 0.9343 on average and is 0.5893 for the worst //per sample error is 0.0427 on average and is 0.3308 for the worst99 and is 0.0809 for the worst50 //per source data error is 0.0242 on average and is 0.2543 for the worst99 and is 0.0303 for the worst50
save model
epoch=3200, avg_loss=1.74e-03, kld=16.59, recon=1.21e-03(max=3.94e-03), time=25717.79, avg_good=391.00, kld_weight=0.000020
eval in74.06799793243408 //coverage is 0.9360 on average and is 0.5712 for the worst //per sample error is 0.0441 on average and is 0.3583 for the worst99 and is 0.0814 for the worst50 //per source data error is 0.0231 on average and is 0.2357 for the worst99 and is 0.0301 for the worst50
save model
